<?xml version="1.0" encoding="UTF-8"?>
<!-- Generated by org.testng.reporters.JUnitXMLReporter -->
<testsuite ignored="0" hostname="HomePC" failures="1" tests="2" name="Test" time="10.052" errors="0" timestamp="2023-12-13T14:25:51 CST">
  <testcase classname="com.Utilities.TakeScreenshotClass" name="takescreenshot" time="0.024">
    <failure type="java.lang.NullPointerException" message="Cannot invoke &amp;quot;org.openqa.selenium.TakesScreenshot.getScreenshotAs(org.openqa.selenium.OutputType)&amp;quot; because &amp;quot;tk&amp;quot; is null">
      <![CDATA[java.lang.NullPointerException: Cannot invoke "org.openqa.selenium.TakesScreenshot.getScreenshotAs(org.openqa.selenium.OutputType)" because "tk" is null
at com.Utilities.TakeScreenshotClass.takescreenshot(TakeScreenshotClass.java:23)
at java.base/java.util.ArrayList.forEach(ArrayList.java:1511)
... Removed 25 stack frames]]>
    </failure>
  </testcase> <!-- takescreenshot -->
  <testcase classname="com.TestData.HomePageValidation" name="CheckElements" time="0.103"/>
</testsuite> <!-- Test -->
